Determining if the pthread_create exist failed with the following output:
Change Dir: /home/brandon/Documents/CSC418/a4/computer-graphics-bounding-volume-hierarchy/build_release/CMakeFiles/CMakeTmp

Run Build Command:"/usr/bin/make" "cmTC_557ff/fast"
/usr/bin/make -f CMakeFiles/cmTC_557ff.dir/build.make CMakeFiles/cmTC_557ff.dir/build
make[1]: Entering directory '/home/brandon/Documents/CSC418/a4/computer-graphics-bounding-volume-hierarchy/build_release/CMakeFiles/CMakeTmp'
Building C object CMakeFiles/cmTC_557ff.dir/CheckSymbolExists.c.o
/usr/bin/cc   -fPIC    -o CMakeFiles/cmTC_557ff.dir/CheckSymbolExists.c.o   -c /home/brandon/Documents/CSC418/a4/computer-graphics-bounding-volume-hierarchy/build_release/CMakeFiles/CMakeTmp/CheckSymbolExists.c
Linking C executable cmTC_557ff
/usr/bin/cmake -E cmake_link_script CMakeFiles/cmTC_557ff.dir/link.txt --verbose=1
/usr/bin/cc  -fPIC     -rdynamic CMakeFiles/cmTC_557ff.dir/CheckSymbolExists.c.o  -o cmTC_557ff 
CMakeFiles/cmTC_557ff.dir/CheckSymbolExists.c.o: In function `main':
CheckSymbolExists.c:(.text+0x1b): undefined reference to `pthread_create'
collect2: error: ld returned 1 exit status
CMakeFiles/cmTC_557ff.dir/build.make:97: recipe for target 'cmTC_557ff' failed
make[1]: *** [cmTC_557ff] Error 1
make[1]: Leaving directory '/home/brandon/Documents/CSC418/a4/computer-graphics-bounding-volume-hierarchy/build_release/CMakeFiles/CMakeTmp'
Makefile:126: recipe for target 'cmTC_557ff/fast' failed
make: *** [cmTC_557ff/fast] Error 2

File /home/brandon/Documents/CSC418/a4/computer-graphics-bounding-volume-hierarchy/build_release/CMakeFiles/CMakeTmp/CheckSymbolExists.c:
/* */
#include <pthread.h>

int main(int argc, char** argv)
{
  (void)argv;
#ifndef pthread_create
  return ((int*)(&pthread_create))[argc];
#else
  (void)argc;
  return 0;
#endif
}

Determining if the function pthread_create exists in the pthreads failed with the following output:
Change Dir: /home/brandon/Documents/CSC418/a4/computer-graphics-bounding-volume-hierarchy/build_release/CMakeFiles/CMakeTmp

Run Build Command:"/usr/bin/make" "cmTC_89b22/fast"
/usr/bin/make -f CMakeFiles/cmTC_89b22.dir/build.make CMakeFiles/cmTC_89b22.dir/build
make[1]: Entering directory '/home/brandon/Documents/CSC418/a4/computer-graphics-bounding-volume-hierarchy/build_release/CMakeFiles/CMakeTmp'
Building C object CMakeFiles/cmTC_89b22.dir/CheckFunctionExists.c.o
/usr/bin/cc   -fPIC -DCHECK_FUNCTION_EXISTS=pthread_create   -o CMakeFiles/cmTC_89b22.dir/CheckFunctionExists.c.o   -c /usr/share/cmake-3.10/Modules/CheckFunctionExists.c
Linking C executable cmTC_89b22
/usr/bin/cmake -E cmake_link_script CMakeFiles/cmTC_89b22.dir/link.txt --verbose=1
/usr/bin/cc  -fPIC -DCHECK_FUNCTION_EXISTS=pthread_create    -rdynamic CMakeFiles/cmTC_89b22.dir/CheckFunctionExists.c.o  -o cmTC_89b22 -lpthreads 
/usr/bin/ld: cannot find -lpthreads
collect2: error: ld returned 1 exit status
CMakeFiles/cmTC_89b22.dir/build.make:97: recipe for target 'cmTC_89b22' failed
make[1]: *** [cmTC_89b22] Error 1
make[1]: Leaving directory '/home/brandon/Documents/CSC418/a4/computer-graphics-bounding-volume-hierarchy/build_release/CMakeFiles/CMakeTmp'
Makefile:126: recipe for target 'cmTC_89b22/fast' failed
make: *** [cmTC_89b22/fast] Error 2


